[2022-09-12 12:20:21,122] {taskinstance.py:1179} INFO - Dependencies all met for <TaskInstance: example3.t3 manual__2022-09-12T04:20:04.559623+00:00 [queued]>
[2022-09-12 12:20:21,129] {taskinstance.py:1179} INFO - Dependencies all met for <TaskInstance: example3.t3 manual__2022-09-12T04:20:04.559623+00:00 [queued]>
[2022-09-12 12:20:21,129] {taskinstance.py:1376} INFO - 
--------------------------------------------------------------------------------
[2022-09-12 12:20:21,129] {taskinstance.py:1377} INFO - Starting attempt 1 of 2
[2022-09-12 12:20:21,129] {taskinstance.py:1378} INFO - 
--------------------------------------------------------------------------------
[2022-09-12 12:20:21,141] {taskinstance.py:1397} INFO - Executing <Task(PythonOperator): t3> on 2022-09-12 04:20:04.559623+00:00
[2022-09-12 12:20:21,144] {standard_task_runner.py:52} INFO - Started process 33306 to run task
[2022-09-12 12:20:21,149] {standard_task_runner.py:79} INFO - Running: ['airflow', 'tasks', 'run', 'example3', 't3', 'manual__2022-09-12T04:20:04.559623+00:00', '--job-id', '99', '--raw', '--subdir', 'DAGS_FOLDER/example3.py', '--cfg-path', '/var/folders/ll/lb_b4vvx7cgfp2wpfsv4w6zm0000gn/T/tmp_bhyg8f8', '--error-file', '/var/folders/ll/lb_b4vvx7cgfp2wpfsv4w6zm0000gn/T/tmpdqosfbpz']
[2022-09-12 12:20:21,150] {standard_task_runner.py:80} INFO - Job 99: Subtask t3
[2022-09-12 12:20:21,205] {task_command.py:371} INFO - Running <TaskInstance: example3.t3 manual__2022-09-12T04:20:04.559623+00:00 [running]> on host 1.0.0.0.0.0.0.0.0.0.0.0.0.0.0.0.0.0.0.0.0.0.0.0.0.0.0.0.0.0.0.0.ip6.arpa
[2022-09-12 12:20:21,261] {taskinstance.py:1591} INFO - Exporting the following env vars:
AIRFLOW_CTX_DAG_EMAIL=airflow@example.com
AIRFLOW_CTX_DAG_OWNER=airflow
AIRFLOW_CTX_DAG_ID=example3
AIRFLOW_CTX_TASK_ID=t3
AIRFLOW_CTX_EXECUTION_DATE=2022-09-12T04:20:04.559623+00:00
AIRFLOW_CTX_TRY_NUMBER=1
AIRFLOW_CTX_DAG_RUN_ID=manual__2022-09-12T04:20:04.559623+00:00
[2022-09-12 12:20:21,267] {python.py:173} INFO - Done. Returned value was: []
[2022-09-12 12:20:21,285] {taskinstance.py:1420} INFO - Marking task as SUCCESS. dag_id=example3, task_id=t3, execution_date=20220912T042004, start_date=20220912T042021, end_date=20220912T042021
[2022-09-12 12:20:21,337] {local_task_job.py:156} INFO - Task exited with return code 0
[2022-09-12 12:20:21,363] {local_task_job.py:273} INFO - 0 downstream tasks scheduled from follow-on schedule check
