[2022-09-12 12:50:55,576] {taskinstance.py:1179} INFO - Dependencies all met for <TaskInstance: reservoir.t0 scheduled__2022-01-01T00:00:00+00:00 [queued]>
[2022-09-12 12:50:55,584] {taskinstance.py:1179} INFO - Dependencies all met for <TaskInstance: reservoir.t0 scheduled__2022-01-01T00:00:00+00:00 [queued]>
[2022-09-12 12:50:55,584] {taskinstance.py:1376} INFO - 
--------------------------------------------------------------------------------
[2022-09-12 12:50:55,584] {taskinstance.py:1377} INFO - Starting attempt 1 of 2
[2022-09-12 12:50:55,584] {taskinstance.py:1378} INFO - 
--------------------------------------------------------------------------------
[2022-09-12 12:50:55,597] {taskinstance.py:1397} INFO - Executing <Task(BashOperator): t0> on 2022-01-01 00:00:00+00:00
[2022-09-12 12:50:55,600] {standard_task_runner.py:52} INFO - Started process 35302 to run task
[2022-09-12 12:50:55,606] {standard_task_runner.py:79} INFO - Running: ['airflow', 'tasks', 'run', 'reservoir', 't0', 'scheduled__2022-01-01T00:00:00+00:00', '--job-id', '127', '--raw', '--subdir', 'DAGS_FOLDER/reservoir.py', '--cfg-path', '/var/folders/ll/lb_b4vvx7cgfp2wpfsv4w6zm0000gn/T/tmpl0e6vyyj', '--error-file', '/var/folders/ll/lb_b4vvx7cgfp2wpfsv4w6zm0000gn/T/tmpkugciq9i']
[2022-09-12 12:50:55,608] {standard_task_runner.py:80} INFO - Job 127: Subtask t0
[2022-09-12 12:50:55,663] {task_command.py:371} INFO - Running <TaskInstance: reservoir.t0 scheduled__2022-01-01T00:00:00+00:00 [running]> on host 1.0.0.0.0.0.0.0.0.0.0.0.0.0.0.0.0.0.0.0.0.0.0.0.0.0.0.0.0.0.0.0.ip6.arpa
[2022-09-12 12:50:55,748] {taskinstance.py:1591} INFO - Exporting the following env vars:
AIRFLOW_CTX_DAG_EMAIL=airflow@example.com
AIRFLOW_CTX_DAG_OWNER=airflow
AIRFLOW_CTX_DAG_ID=reservoir
AIRFLOW_CTX_TASK_ID=t0
AIRFLOW_CTX_EXECUTION_DATE=2022-01-01T00:00:00+00:00
AIRFLOW_CTX_TRY_NUMBER=1
AIRFLOW_CTX_DAG_RUN_ID=scheduled__2022-01-01T00:00:00+00:00
[2022-09-12 12:50:55,750] {subprocess.py:62} INFO - Tmp dir root location: 
 /var/folders/ll/lb_b4vvx7cgfp2wpfsv4w6zm0000gn/T
[2022-09-12 12:50:55,750] {subprocess.py:74} INFO - Running command: ['bash', '-c', 'python /Users/chunweichang/airflow/tasks/crawler.py']
[2022-09-12 12:50:55,756] {subprocess.py:85} INFO - Output:
[2022-09-12 12:51:00,878] {subprocess.py:92} INFO - [[34m2022-09-12 12:51:00,877[0m] {[34mbase.py:[0m68} INFO[0m - Using connection ID 'mongo_default' for task execution.[0m
[2022-09-12 12:51:01,676] {subprocess.py:96} INFO - Command exited with return code 0
[2022-09-12 12:51:01,701] {taskinstance.py:1420} INFO - Marking task as SUCCESS. dag_id=reservoir, task_id=t0, execution_date=20220101T000000, start_date=20220912T045055, end_date=20220912T045101
[2022-09-12 12:51:01,746] {local_task_job.py:156} INFO - Task exited with return code 0
[2022-09-12 12:51:01,780] {local_task_job.py:273} INFO - 1 downstream tasks scheduled from follow-on schedule check
