[2022-09-11 16:41:51,291] {taskinstance.py:1179} INFO - Dependencies all met for <TaskInstance: example2.t1 manual__2022-09-11T08:36:40.501171+00:00 [queued]>
[2022-09-11 16:41:51,297] {taskinstance.py:1179} INFO - Dependencies all met for <TaskInstance: example2.t1 manual__2022-09-11T08:36:40.501171+00:00 [queued]>
[2022-09-11 16:41:51,297] {taskinstance.py:1376} INFO - 
--------------------------------------------------------------------------------
[2022-09-11 16:41:51,297] {taskinstance.py:1377} INFO - Starting attempt 2 of 2
[2022-09-11 16:41:51,297] {taskinstance.py:1378} INFO - 
--------------------------------------------------------------------------------
[2022-09-11 16:41:51,310] {taskinstance.py:1397} INFO - Executing <Task(PythonOperator): t1> on 2022-09-11 08:36:40.501171+00:00
[2022-09-11 16:41:51,312] {standard_task_runner.py:52} INFO - Started process 29563 to run task
[2022-09-11 16:41:51,319] {standard_task_runner.py:79} INFO - Running: ['airflow', 'tasks', 'run', 'example2', 't1', 'manual__2022-09-11T08:36:40.501171+00:00', '--job-id', '83', '--raw', '--subdir', 'DAGS_FOLDER/example2.py', '--cfg-path', '/var/folders/ll/lb_b4vvx7cgfp2wpfsv4w6zm0000gn/T/tmp4ptvzar3', '--error-file', '/var/folders/ll/lb_b4vvx7cgfp2wpfsv4w6zm0000gn/T/tmp1xv57yl6']
[2022-09-11 16:41:51,321] {standard_task_runner.py:80} INFO - Job 83: Subtask t1
[2022-09-11 16:41:51,370] {task_command.py:371} INFO - Running <TaskInstance: example2.t1 manual__2022-09-11T08:36:40.501171+00:00 [running]> on host 1.0.0.0.0.0.0.0.0.0.0.0.0.0.0.0.0.0.0.0.0.0.0.0.0.0.0.0.0.0.0.0.ip6.arpa
[2022-09-11 16:41:51,435] {taskinstance.py:1591} INFO - Exporting the following env vars:
AIRFLOW_CTX_DAG_EMAIL=airflow@example.com
AIRFLOW_CTX_DAG_OWNER=airflow
AIRFLOW_CTX_DAG_ID=example2
AIRFLOW_CTX_TASK_ID=t1
AIRFLOW_CTX_EXECUTION_DATE=2022-09-11T08:36:40.501171+00:00
AIRFLOW_CTX_TRY_NUMBER=2
AIRFLOW_CTX_DAG_RUN_ID=manual__2022-09-11T08:36:40.501171+00:00
[2022-09-11 16:41:51,440] {base.py:68} INFO - Using connection ID 'mongo_default' for task execution.
[2022-09-11 16:41:51,470] {python.py:173} INFO - Done. Returned value was: [{'_id': '62fb11a7ae0ecc8c1701f83d', 'name': 'Tom'}, {'_id': '62fb11a7ae0ecc8c1701f83e', 'name': 'Mark'}, {'_id': '62fb11a7ae0ecc8c1701f83f', 'name': 'Mary'}, {'_id': '62fb27c4ae0ecc8c1701f840', 'name': 'Tom'}, {'_id': '62fb27c4ae0ecc8c1701f841', 'name': 'Mark'}, {'_id': '62fb27c4ae0ecc8c1701f842', 'name': 'Mary'}]
[2022-09-11 16:41:51,487] {taskinstance.py:1420} INFO - Marking task as SUCCESS. dag_id=example2, task_id=t1, execution_date=20220911T083640, start_date=20220911T084151, end_date=20220911T084151
[2022-09-11 16:41:51,499] {local_task_job.py:156} INFO - Task exited with return code 0
[2022-09-11 16:41:51,532] {local_task_job.py:273} INFO - 1 downstream tasks scheduled from follow-on schedule check
