[2022-09-07 16:33:20,523] {taskinstance.py:1179} INFO - Dependencies all met for <TaskInstance: example1.t2 scheduled__2022-09-07T08:27:00+00:00 [queued]>
[2022-09-07 16:33:20,530] {taskinstance.py:1179} INFO - Dependencies all met for <TaskInstance: example1.t2 scheduled__2022-09-07T08:27:00+00:00 [queued]>
[2022-09-07 16:33:20,530] {taskinstance.py:1376} INFO - 
--------------------------------------------------------------------------------
[2022-09-07 16:33:20,530] {taskinstance.py:1377} INFO - Starting attempt 1 of 2
[2022-09-07 16:33:20,530] {taskinstance.py:1378} INFO - 
--------------------------------------------------------------------------------
[2022-09-07 16:33:20,541] {taskinstance.py:1397} INFO - Executing <Task(PythonOperator): t2> on 2022-09-07 08:27:00+00:00
[2022-09-07 16:33:20,543] {standard_task_runner.py:52} INFO - Started process 7952 to run task
[2022-09-07 16:33:20,548] {standard_task_runner.py:79} INFO - Running: ['airflow', 'tasks', 'run', 'example1', 't2', 'scheduled__2022-09-07T08:27:00+00:00', '--job-id', '4', '--raw', '--subdir', 'DAGS_FOLDER/example1.py', '--cfg-path', '/var/folders/ll/lb_b4vvx7cgfp2wpfsv4w6zm0000gn/T/tmpwxwe56yz', '--error-file', '/var/folders/ll/lb_b4vvx7cgfp2wpfsv4w6zm0000gn/T/tmpbdn5f14h']
[2022-09-07 16:33:20,549] {standard_task_runner.py:80} INFO - Job 4: Subtask t2
[2022-09-07 16:33:20,604] {task_command.py:371} INFO - Running <TaskInstance: example1.t2 scheduled__2022-09-07T08:27:00+00:00 [running]> on host 1.0.0.127.in-addr.arpa
[2022-09-07 16:33:20,681] {taskinstance.py:1591} INFO - Exporting the following env vars:
AIRFLOW_CTX_DAG_EMAIL=airflow@example.com
AIRFLOW_CTX_DAG_OWNER=airflow
AIRFLOW_CTX_DAG_ID=example1
AIRFLOW_CTX_TASK_ID=t2
AIRFLOW_CTX_EXECUTION_DATE=2022-09-07T08:27:00+00:00
AIRFLOW_CTX_TRY_NUMBER=1
AIRFLOW_CTX_DAG_RUN_ID=scheduled__2022-09-07T08:27:00+00:00
[2022-09-07 16:33:20,682] {logging_mixin.py:115} INFO - Hello Python, Step2
[2022-09-07 16:33:20,682] {python.py:173} INFO - Done. Returned value was: done
[2022-09-07 16:33:20,702] {taskinstance.py:1420} INFO - Marking task as SUCCESS. dag_id=example1, task_id=t2, execution_date=20220907T082700, start_date=20220907T083320, end_date=20220907T083320
[2022-09-07 16:33:20,731] {local_task_job.py:156} INFO - Task exited with return code 0
[2022-09-07 16:33:20,759] {local_task_job.py:273} INFO - 0 downstream tasks scheduled from follow-on schedule check
