[2022-09-11 00:06:41,841] {taskinstance.py:1179} INFO - Dependencies all met for <TaskInstance: example3.t1 manual__2022-09-10T16:06:35.080986+00:00 [queued]>
[2022-09-11 00:06:41,851] {taskinstance.py:1179} INFO - Dependencies all met for <TaskInstance: example3.t1 manual__2022-09-10T16:06:35.080986+00:00 [queued]>
[2022-09-11 00:06:41,852] {taskinstance.py:1376} INFO - 
--------------------------------------------------------------------------------
[2022-09-11 00:06:41,852] {taskinstance.py:1377} INFO - Starting attempt 1 of 2
[2022-09-11 00:06:41,852] {taskinstance.py:1378} INFO - 
--------------------------------------------------------------------------------
[2022-09-11 00:06:41,865] {taskinstance.py:1397} INFO - Executing <Task(PythonOperator): t1> on 2022-09-10 16:06:35.080986+00:00
[2022-09-11 00:06:41,868] {standard_task_runner.py:52} INFO - Started process 28101 to run task
[2022-09-11 00:06:41,873] {standard_task_runner.py:79} INFO - Running: ['airflow', 'tasks', 'run', 'example3', 't1', 'manual__2022-09-10T16:06:35.080986+00:00', '--job-id', '59', '--raw', '--subdir', 'DAGS_FOLDER/example3.py', '--cfg-path', '/var/folders/ll/lb_b4vvx7cgfp2wpfsv4w6zm0000gn/T/tmptwcx3i71', '--error-file', '/var/folders/ll/lb_b4vvx7cgfp2wpfsv4w6zm0000gn/T/tmpstf6dvjv']
[2022-09-11 00:06:41,875] {standard_task_runner.py:80} INFO - Job 59: Subtask t1
[2022-09-11 00:06:41,979] {task_command.py:371} INFO - Running <TaskInstance: example3.t1 manual__2022-09-10T16:06:35.080986+00:00 [running]> on host 1.0.0.0.0.0.0.0.0.0.0.0.0.0.0.0.0.0.0.0.0.0.0.0.0.0.0.0.0.0.0.0.ip6.arpa
[2022-09-11 00:06:42,044] {taskinstance.py:1591} INFO - Exporting the following env vars:
AIRFLOW_CTX_DAG_EMAIL=airflow@example.com
AIRFLOW_CTX_DAG_OWNER=airflow
AIRFLOW_CTX_DAG_ID=example3
AIRFLOW_CTX_TASK_ID=t1
AIRFLOW_CTX_EXECUTION_DATE=2022-09-10T16:06:35.080986+00:00
AIRFLOW_CTX_TRY_NUMBER=1
AIRFLOW_CTX_DAG_RUN_ID=manual__2022-09-10T16:06:35.080986+00:00
[2022-09-11 00:06:42,060] {local_task_job.py:156} INFO - Task exited with return code -11
[2022-09-11 00:06:42,082] {taskinstance.py:1420} INFO - Marking task as UP_FOR_RETRY. dag_id=example3, task_id=t1, execution_date=20220910T160635, start_date=20220910T160641, end_date=20220910T160642
[2022-09-11 00:06:42,106] {local_task_job.py:273} INFO - 0 downstream tasks scheduled from follow-on schedule check
