[2022-09-11 00:11:47,004] {taskinstance.py:1179} INFO - Dependencies all met for <TaskInstance: example3.t1 manual__2022-09-10T16:06:35.080986+00:00 [queued]>
[2022-09-11 00:11:47,010] {taskinstance.py:1179} INFO - Dependencies all met for <TaskInstance: example3.t1 manual__2022-09-10T16:06:35.080986+00:00 [queued]>
[2022-09-11 00:11:47,011] {taskinstance.py:1376} INFO - 
--------------------------------------------------------------------------------
[2022-09-11 00:11:47,011] {taskinstance.py:1377} INFO - Starting attempt 2 of 2
[2022-09-11 00:11:47,011] {taskinstance.py:1378} INFO - 
--------------------------------------------------------------------------------
[2022-09-11 00:11:47,023] {taskinstance.py:1397} INFO - Executing <Task(PythonOperator): t1> on 2022-09-10 16:06:35.080986+00:00
[2022-09-11 00:11:47,025] {standard_task_runner.py:52} INFO - Started process 28259 to run task
[2022-09-11 00:11:47,032] {standard_task_runner.py:79} INFO - Running: ['airflow', 'tasks', 'run', 'example3', 't1', 'manual__2022-09-10T16:06:35.080986+00:00', '--job-id', '64', '--raw', '--subdir', 'DAGS_FOLDER/example3.py', '--cfg-path', '/var/folders/ll/lb_b4vvx7cgfp2wpfsv4w6zm0000gn/T/tmpjsvr_zj6', '--error-file', '/var/folders/ll/lb_b4vvx7cgfp2wpfsv4w6zm0000gn/T/tmpdn6aydur']
[2022-09-11 00:11:47,033] {standard_task_runner.py:80} INFO - Job 64: Subtask t1
[2022-09-11 00:11:47,104] {task_command.py:371} INFO - Running <TaskInstance: example3.t1 manual__2022-09-10T16:06:35.080986+00:00 [running]> on host 1.0.0.0.0.0.0.0.0.0.0.0.0.0.0.0.0.0.0.0.0.0.0.0.0.0.0.0.0.0.0.0.ip6.arpa
[2022-09-11 00:11:47,171] {taskinstance.py:1591} INFO - Exporting the following env vars:
AIRFLOW_CTX_DAG_EMAIL=airflow@example.com
AIRFLOW_CTX_DAG_OWNER=airflow
AIRFLOW_CTX_DAG_ID=example3
AIRFLOW_CTX_TASK_ID=t1
AIRFLOW_CTX_EXECUTION_DATE=2022-09-10T16:06:35.080986+00:00
AIRFLOW_CTX_TRY_NUMBER=2
AIRFLOW_CTX_DAG_RUN_ID=manual__2022-09-10T16:06:35.080986+00:00
[2022-09-11 00:11:47,616] {logging_mixin.py:115} INFO - <Response [200]>
[2022-09-11 00:11:47,617] {python.py:173} INFO - Done. Returned value was: done
[2022-09-11 00:11:47,640] {taskinstance.py:1420} INFO - Marking task as SUCCESS. dag_id=example3, task_id=t1, execution_date=20220910T160635, start_date=20220910T161147, end_date=20220910T161147
[2022-09-11 00:11:47,685] {local_task_job.py:156} INFO - Task exited with return code 0
[2022-09-11 00:11:47,729] {local_task_job.py:273} INFO - 0 downstream tasks scheduled from follow-on schedule check
