[2022-09-12 12:41:56,296] {taskinstance.py:1179} INFO - Dependencies all met for <TaskInstance: example3.t0 manual__2022-09-12T04:41:39.462563+00:00 [queued]>
[2022-09-12 12:41:56,305] {taskinstance.py:1179} INFO - Dependencies all met for <TaskInstance: example3.t0 manual__2022-09-12T04:41:39.462563+00:00 [queued]>
[2022-09-12 12:41:56,305] {taskinstance.py:1376} INFO - 
--------------------------------------------------------------------------------
[2022-09-12 12:41:56,305] {taskinstance.py:1377} INFO - Starting attempt 1 of 2
[2022-09-12 12:41:56,305] {taskinstance.py:1378} INFO - 
--------------------------------------------------------------------------------
[2022-09-12 12:41:56,317] {taskinstance.py:1397} INFO - Executing <Task(BashOperator): t0> on 2022-09-12 04:41:39.462563+00:00
[2022-09-12 12:41:56,319] {standard_task_runner.py:52} INFO - Started process 34696 to run task
[2022-09-12 12:41:56,324] {standard_task_runner.py:79} INFO - Running: ['airflow', 'tasks', 'run', 'example3', 't0', 'manual__2022-09-12T04:41:39.462563+00:00', '--job-id', '116', '--raw', '--subdir', 'DAGS_FOLDER/example3.py', '--cfg-path', '/var/folders/ll/lb_b4vvx7cgfp2wpfsv4w6zm0000gn/T/tmppoaj7z0y', '--error-file', '/var/folders/ll/lb_b4vvx7cgfp2wpfsv4w6zm0000gn/T/tmpursqlwp3']
[2022-09-12 12:41:56,325] {standard_task_runner.py:80} INFO - Job 116: Subtask t0
[2022-09-12 12:41:56,378] {task_command.py:371} INFO - Running <TaskInstance: example3.t0 manual__2022-09-12T04:41:39.462563+00:00 [running]> on host 1.0.0.0.0.0.0.0.0.0.0.0.0.0.0.0.0.0.0.0.0.0.0.0.0.0.0.0.0.0.0.0.ip6.arpa
[2022-09-12 12:41:56,439] {taskinstance.py:1591} INFO - Exporting the following env vars:
AIRFLOW_CTX_DAG_EMAIL=airflow@example.com
AIRFLOW_CTX_DAG_OWNER=airflow
AIRFLOW_CTX_DAG_ID=example3
AIRFLOW_CTX_TASK_ID=t0
AIRFLOW_CTX_EXECUTION_DATE=2022-09-12T04:41:39.462563+00:00
AIRFLOW_CTX_TRY_NUMBER=1
AIRFLOW_CTX_DAG_RUN_ID=manual__2022-09-12T04:41:39.462563+00:00
[2022-09-12 12:41:56,440] {subprocess.py:62} INFO - Tmp dir root location: 
 /var/folders/ll/lb_b4vvx7cgfp2wpfsv4w6zm0000gn/T
[2022-09-12 12:41:56,441] {subprocess.py:74} INFO - Running command: ['bash', '-c', 'python /Users/chunweichang/airflow/tasks/crawler.py']
[2022-09-12 12:41:56,447] {subprocess.py:85} INFO - Output:
[2022-09-12 12:41:59,133] {subprocess.py:92} INFO - [[34m2022-09-12 12:41:59,133[0m] {[34mbase.py:[0m68} INFO[0m - Using connection ID 'mongo_default' for task execution.[0m
[2022-09-12 12:41:59,870] {subprocess.py:96} INFO - Command exited with return code 0
[2022-09-12 12:41:59,896] {taskinstance.py:1420} INFO - Marking task as SUCCESS. dag_id=example3, task_id=t0, execution_date=20220912T044139, start_date=20220912T044156, end_date=20220912T044159
[2022-09-12 12:41:59,934] {local_task_job.py:156} INFO - Task exited with return code 0
[2022-09-12 12:41:59,973] {local_task_job.py:273} INFO - 1 downstream tasks scheduled from follow-on schedule check
