[2022-09-12 12:41:43,761] {taskinstance.py:1179} INFO - Dependencies all met for <TaskInstance: example3.t0 manual__2022-09-12T04:35:06.181491+00:00 [queued]>
[2022-09-12 12:41:43,769] {taskinstance.py:1179} INFO - Dependencies all met for <TaskInstance: example3.t0 manual__2022-09-12T04:35:06.181491+00:00 [queued]>
[2022-09-12 12:41:43,769] {taskinstance.py:1376} INFO - 
--------------------------------------------------------------------------------
[2022-09-12 12:41:43,769] {taskinstance.py:1377} INFO - Starting attempt 1 of 2
[2022-09-12 12:41:43,769] {taskinstance.py:1378} INFO - 
--------------------------------------------------------------------------------
[2022-09-12 12:41:43,781] {taskinstance.py:1397} INFO - Executing <Task(BashOperator): t0> on 2022-09-12 04:35:06.181491+00:00
[2022-09-12 12:41:43,783] {standard_task_runner.py:52} INFO - Started process 34682 to run task
[2022-09-12 12:41:43,788] {standard_task_runner.py:79} INFO - Running: ['airflow', 'tasks', 'run', 'example3', 't0', 'manual__2022-09-12T04:35:06.181491+00:00', '--job-id', '114', '--raw', '--subdir', 'DAGS_FOLDER/example3.py', '--cfg-path', '/var/folders/ll/lb_b4vvx7cgfp2wpfsv4w6zm0000gn/T/tmp5ht58e1r', '--error-file', '/var/folders/ll/lb_b4vvx7cgfp2wpfsv4w6zm0000gn/T/tmp_sz128tr']
[2022-09-12 12:41:43,790] {standard_task_runner.py:80} INFO - Job 114: Subtask t0
[2022-09-12 12:41:43,846] {task_command.py:371} INFO - Running <TaskInstance: example3.t0 manual__2022-09-12T04:35:06.181491+00:00 [running]> on host 1.0.0.0.0.0.0.0.0.0.0.0.0.0.0.0.0.0.0.0.0.0.0.0.0.0.0.0.0.0.0.0.ip6.arpa
[2022-09-12 12:41:43,912] {taskinstance.py:1591} INFO - Exporting the following env vars:
AIRFLOW_CTX_DAG_EMAIL=airflow@example.com
AIRFLOW_CTX_DAG_OWNER=airflow
AIRFLOW_CTX_DAG_ID=example3
AIRFLOW_CTX_TASK_ID=t0
AIRFLOW_CTX_EXECUTION_DATE=2022-09-12T04:35:06.181491+00:00
AIRFLOW_CTX_TRY_NUMBER=1
AIRFLOW_CTX_DAG_RUN_ID=manual__2022-09-12T04:35:06.181491+00:00
[2022-09-12 12:41:43,913] {subprocess.py:62} INFO - Tmp dir root location: 
 /var/folders/ll/lb_b4vvx7cgfp2wpfsv4w6zm0000gn/T
[2022-09-12 12:41:43,914] {subprocess.py:74} INFO - Running command: ['bash', '-c', 'python /Users/chunweichang/airflow/tasks/crawler.py']
[2022-09-12 12:41:43,927] {subprocess.py:85} INFO - Output:
[2022-09-12 12:41:48,469] {subprocess.py:92} INFO - [[34m2022-09-12 12:41:48,469[0m] {[34mbase.py:[0m68} INFO[0m - Using connection ID 'mongo_default' for task execution.[0m
[2022-09-12 12:41:49,253] {subprocess.py:96} INFO - Command exited with return code 0
[2022-09-12 12:41:49,304] {taskinstance.py:1420} INFO - Marking task as SUCCESS. dag_id=example3, task_id=t0, execution_date=20220912T043506, start_date=20220912T044143, end_date=20220912T044149
[2022-09-12 12:41:49,369] {local_task_job.py:156} INFO - Task exited with return code 0
[2022-09-12 12:41:49,412] {local_task_job.py:273} INFO - 1 downstream tasks scheduled from follow-on schedule check
