[2022-09-12 12:51:03,346] {taskinstance.py:1179} INFO - Dependencies all met for <TaskInstance: reservoir.t0 manual__2022-09-12T04:50:51.708098+00:00 [queued]>
[2022-09-12 12:51:03,354] {taskinstance.py:1179} INFO - Dependencies all met for <TaskInstance: reservoir.t0 manual__2022-09-12T04:50:51.708098+00:00 [queued]>
[2022-09-12 12:51:03,354] {taskinstance.py:1376} INFO - 
--------------------------------------------------------------------------------
[2022-09-12 12:51:03,354] {taskinstance.py:1377} INFO - Starting attempt 1 of 2
[2022-09-12 12:51:03,355] {taskinstance.py:1378} INFO - 
--------------------------------------------------------------------------------
[2022-09-12 12:51:03,367] {taskinstance.py:1397} INFO - Executing <Task(BashOperator): t0> on 2022-09-12 04:50:51.708098+00:00
[2022-09-12 12:51:03,369] {standard_task_runner.py:52} INFO - Started process 35309 to run task
[2022-09-12 12:51:03,374] {standard_task_runner.py:79} INFO - Running: ['airflow', 'tasks', 'run', 'reservoir', 't0', 'manual__2022-09-12T04:50:51.708098+00:00', '--job-id', '128', '--raw', '--subdir', 'DAGS_FOLDER/reservoir.py', '--cfg-path', '/var/folders/ll/lb_b4vvx7cgfp2wpfsv4w6zm0000gn/T/tmp6wisukyc', '--error-file', '/var/folders/ll/lb_b4vvx7cgfp2wpfsv4w6zm0000gn/T/tmp7m_tkmjd']
[2022-09-12 12:51:03,376] {standard_task_runner.py:80} INFO - Job 128: Subtask t0
[2022-09-12 12:51:03,428] {task_command.py:371} INFO - Running <TaskInstance: reservoir.t0 manual__2022-09-12T04:50:51.708098+00:00 [running]> on host 1.0.0.0.0.0.0.0.0.0.0.0.0.0.0.0.0.0.0.0.0.0.0.0.0.0.0.0.0.0.0.0.ip6.arpa
[2022-09-12 12:51:03,490] {taskinstance.py:1591} INFO - Exporting the following env vars:
AIRFLOW_CTX_DAG_EMAIL=airflow@example.com
AIRFLOW_CTX_DAG_OWNER=airflow
AIRFLOW_CTX_DAG_ID=reservoir
AIRFLOW_CTX_TASK_ID=t0
AIRFLOW_CTX_EXECUTION_DATE=2022-09-12T04:50:51.708098+00:00
AIRFLOW_CTX_TRY_NUMBER=1
AIRFLOW_CTX_DAG_RUN_ID=manual__2022-09-12T04:50:51.708098+00:00
[2022-09-12 12:51:03,491] {subprocess.py:62} INFO - Tmp dir root location: 
 /var/folders/ll/lb_b4vvx7cgfp2wpfsv4w6zm0000gn/T
[2022-09-12 12:51:03,492] {subprocess.py:74} INFO - Running command: ['bash', '-c', 'python /Users/chunweichang/airflow/tasks/crawler.py']
[2022-09-12 12:51:03,498] {subprocess.py:85} INFO - Output:
[2022-09-12 12:51:06,440] {subprocess.py:92} INFO - [[34m2022-09-12 12:51:06,440[0m] {[34mbase.py:[0m68} INFO[0m - Using connection ID 'mongo_default' for task execution.[0m
[2022-09-12 12:51:07,184] {subprocess.py:96} INFO - Command exited with return code 0
[2022-09-12 12:51:07,210] {taskinstance.py:1420} INFO - Marking task as SUCCESS. dag_id=reservoir, task_id=t0, execution_date=20220912T045051, start_date=20220912T045103, end_date=20220912T045107
[2022-09-12 12:51:07,258] {local_task_job.py:156} INFO - Task exited with return code 0
[2022-09-12 12:51:07,301] {local_task_job.py:273} INFO - 1 downstream tasks scheduled from follow-on schedule check
