[2022-09-07 16:33:37,464] {taskinstance.py:1179} INFO - Dependencies all met for <TaskInstance: example1.t2 manual__2022-09-07T08:33:33.927011+00:00 [queued]>
[2022-09-07 16:33:37,471] {taskinstance.py:1179} INFO - Dependencies all met for <TaskInstance: example1.t2 manual__2022-09-07T08:33:33.927011+00:00 [queued]>
[2022-09-07 16:33:37,472] {taskinstance.py:1376} INFO - 
--------------------------------------------------------------------------------
[2022-09-07 16:33:37,472] {taskinstance.py:1377} INFO - Starting attempt 1 of 2
[2022-09-07 16:33:37,472] {taskinstance.py:1378} INFO - 
--------------------------------------------------------------------------------
[2022-09-07 16:33:37,484] {taskinstance.py:1397} INFO - Executing <Task(PythonOperator): t2> on 2022-09-07 08:33:33.927011+00:00
[2022-09-07 16:33:37,486] {standard_task_runner.py:52} INFO - Started process 7981 to run task
[2022-09-07 16:33:37,492] {standard_task_runner.py:79} INFO - Running: ['airflow', 'tasks', 'run', 'example1', 't2', 'manual__2022-09-07T08:33:33.927011+00:00', '--job-id', '10', '--raw', '--subdir', 'DAGS_FOLDER/example1.py', '--cfg-path', '/var/folders/ll/lb_b4vvx7cgfp2wpfsv4w6zm0000gn/T/tmp_083r4en', '--error-file', '/var/folders/ll/lb_b4vvx7cgfp2wpfsv4w6zm0000gn/T/tmp51d1wnf4']
[2022-09-07 16:33:37,493] {standard_task_runner.py:80} INFO - Job 10: Subtask t2
[2022-09-07 16:33:37,552] {task_command.py:371} INFO - Running <TaskInstance: example1.t2 manual__2022-09-07T08:33:33.927011+00:00 [running]> on host 1.0.0.127.in-addr.arpa
[2022-09-07 16:33:37,612] {taskinstance.py:1591} INFO - Exporting the following env vars:
AIRFLOW_CTX_DAG_EMAIL=airflow@example.com
AIRFLOW_CTX_DAG_OWNER=airflow
AIRFLOW_CTX_DAG_ID=example1
AIRFLOW_CTX_TASK_ID=t2
AIRFLOW_CTX_EXECUTION_DATE=2022-09-07T08:33:33.927011+00:00
AIRFLOW_CTX_TRY_NUMBER=1
AIRFLOW_CTX_DAG_RUN_ID=manual__2022-09-07T08:33:33.927011+00:00
[2022-09-07 16:33:37,613] {logging_mixin.py:115} INFO - Hello Python, Step2
[2022-09-07 16:33:37,613] {python.py:173} INFO - Done. Returned value was: done
[2022-09-07 16:33:37,632] {taskinstance.py:1420} INFO - Marking task as SUCCESS. dag_id=example1, task_id=t2, execution_date=20220907T083333, start_date=20220907T083337, end_date=20220907T083337
[2022-09-07 16:33:37,673] {local_task_job.py:156} INFO - Task exited with return code 0
[2022-09-07 16:33:37,700] {local_task_job.py:273} INFO - 0 downstream tasks scheduled from follow-on schedule check
