[2022-09-12 10:58:41,624] {taskinstance.py:1179} INFO - Dependencies all met for <TaskInstance: example2.t3 manual__2022-09-12T02:58:27.131891+00:00 [queued]>
[2022-09-12 10:58:41,631] {taskinstance.py:1179} INFO - Dependencies all met for <TaskInstance: example2.t3 manual__2022-09-12T02:58:27.131891+00:00 [queued]>
[2022-09-12 10:58:41,632] {taskinstance.py:1376} INFO - 
--------------------------------------------------------------------------------
[2022-09-12 10:58:41,632] {taskinstance.py:1377} INFO - Starting attempt 1 of 2
[2022-09-12 10:58:41,632] {taskinstance.py:1378} INFO - 
--------------------------------------------------------------------------------
[2022-09-12 10:58:41,644] {taskinstance.py:1397} INFO - Executing <Task(PythonOperator): t3> on 2022-09-12 02:58:27.131891+00:00
[2022-09-12 10:58:41,646] {standard_task_runner.py:52} INFO - Started process 31726 to run task
[2022-09-12 10:58:41,651] {standard_task_runner.py:79} INFO - Running: ['airflow', 'tasks', 'run', 'example2', 't3', 'manual__2022-09-12T02:58:27.131891+00:00', '--job-id', '93', '--raw', '--subdir', 'DAGS_FOLDER/example2.py', '--cfg-path', '/var/folders/ll/lb_b4vvx7cgfp2wpfsv4w6zm0000gn/T/tmp5m_85x3_', '--error-file', '/var/folders/ll/lb_b4vvx7cgfp2wpfsv4w6zm0000gn/T/tmpgn0rom__']
[2022-09-12 10:58:41,653] {standard_task_runner.py:80} INFO - Job 93: Subtask t3
[2022-09-12 10:58:41,715] {task_command.py:371} INFO - Running <TaskInstance: example2.t3 manual__2022-09-12T02:58:27.131891+00:00 [running]> on host 1.0.0.0.0.0.0.0.0.0.0.0.0.0.0.0.0.0.0.0.0.0.0.0.0.0.0.0.0.0.0.0.ip6.arpa
[2022-09-12 10:58:41,788] {taskinstance.py:1591} INFO - Exporting the following env vars:
AIRFLOW_CTX_DAG_EMAIL=airflow@example.com
AIRFLOW_CTX_DAG_OWNER=airflow
AIRFLOW_CTX_DAG_ID=example2
AIRFLOW_CTX_TASK_ID=t3
AIRFLOW_CTX_EXECUTION_DATE=2022-09-12T02:58:27.131891+00:00
AIRFLOW_CTX_TRY_NUMBER=1
AIRFLOW_CTX_DAG_RUN_ID=manual__2022-09-12T02:58:27.131891+00:00
[2022-09-12 10:58:41,800] {base.py:68} INFO - Using connection ID 'mongo_default' for task execution.
[2022-09-12 10:58:41,870] {python.py:173} INFO - Done. Returned value was: done
[2022-09-12 10:58:41,890] {taskinstance.py:1420} INFO - Marking task as SUCCESS. dag_id=example2, task_id=t3, execution_date=20220912T025827, start_date=20220912T025841, end_date=20220912T025841
[2022-09-12 10:58:41,912] {local_task_job.py:156} INFO - Task exited with return code 0
[2022-09-12 10:58:41,949] {local_task_job.py:273} INFO - 0 downstream tasks scheduled from follow-on schedule check
