[2022-09-12 12:20:10,879] {taskinstance.py:1179} INFO - Dependencies all met for <TaskInstance: example3.t1 manual__2022-09-12T04:20:04.559623+00:00 [queued]>
[2022-09-12 12:20:10,887] {taskinstance.py:1179} INFO - Dependencies all met for <TaskInstance: example3.t1 manual__2022-09-12T04:20:04.559623+00:00 [queued]>
[2022-09-12 12:20:10,888] {taskinstance.py:1376} INFO - 
--------------------------------------------------------------------------------
[2022-09-12 12:20:10,888] {taskinstance.py:1377} INFO - Starting attempt 1 of 2
[2022-09-12 12:20:10,889] {taskinstance.py:1378} INFO - 
--------------------------------------------------------------------------------
[2022-09-12 12:20:10,903] {taskinstance.py:1397} INFO - Executing <Task(PythonOperator): t1> on 2022-09-12 04:20:04.559623+00:00
[2022-09-12 12:20:10,907] {standard_task_runner.py:52} INFO - Started process 33294 to run task
[2022-09-12 12:20:10,914] {standard_task_runner.py:79} INFO - Running: ['airflow', 'tasks', 'run', 'example3', 't1', 'manual__2022-09-12T04:20:04.559623+00:00', '--job-id', '97', '--raw', '--subdir', 'DAGS_FOLDER/example3.py', '--cfg-path', '/var/folders/ll/lb_b4vvx7cgfp2wpfsv4w6zm0000gn/T/tmpkg81ade3', '--error-file', '/var/folders/ll/lb_b4vvx7cgfp2wpfsv4w6zm0000gn/T/tmpnoz0wv23']
[2022-09-12 12:20:10,915] {standard_task_runner.py:80} INFO - Job 97: Subtask t1
[2022-09-12 12:20:10,981] {task_command.py:371} INFO - Running <TaskInstance: example3.t1 manual__2022-09-12T04:20:04.559623+00:00 [running]> on host 1.0.0.0.0.0.0.0.0.0.0.0.0.0.0.0.0.0.0.0.0.0.0.0.0.0.0.0.0.0.0.0.ip6.arpa
[2022-09-12 12:20:11,067] {taskinstance.py:1591} INFO - Exporting the following env vars:
AIRFLOW_CTX_DAG_EMAIL=airflow@example.com
AIRFLOW_CTX_DAG_OWNER=airflow
AIRFLOW_CTX_DAG_ID=example3
AIRFLOW_CTX_TASK_ID=t1
AIRFLOW_CTX_EXECUTION_DATE=2022-09-12T04:20:04.559623+00:00
AIRFLOW_CTX_TRY_NUMBER=1
AIRFLOW_CTX_DAG_RUN_ID=manual__2022-09-12T04:20:04.559623+00:00
[2022-09-12 12:20:11,075] {base.py:68} INFO - Using connection ID 'mongo_default' for task execution.
[2022-09-12 12:20:11,101] {python.py:173} INFO - Done. Returned value was: []
[2022-09-12 12:20:11,120] {taskinstance.py:1420} INFO - Marking task as SUCCESS. dag_id=example3, task_id=t1, execution_date=20220912T042004, start_date=20220912T042010, end_date=20220912T042011
[2022-09-12 12:20:11,142] {local_task_job.py:156} INFO - Task exited with return code 0
[2022-09-12 12:20:11,181] {local_task_job.py:273} INFO - 1 downstream tasks scheduled from follow-on schedule check
