[2022-09-11 16:41:54,518] {taskinstance.py:1179} INFO - Dependencies all met for <TaskInstance: example2.t3 manual__2022-09-11T08:36:40.501171+00:00 [queued]>
[2022-09-11 16:41:54,525] {taskinstance.py:1179} INFO - Dependencies all met for <TaskInstance: example2.t3 manual__2022-09-11T08:36:40.501171+00:00 [queued]>
[2022-09-11 16:41:54,525] {taskinstance.py:1376} INFO - 
--------------------------------------------------------------------------------
[2022-09-11 16:41:54,525] {taskinstance.py:1377} INFO - Starting attempt 1 of 2
[2022-09-11 16:41:54,525] {taskinstance.py:1378} INFO - 
--------------------------------------------------------------------------------
[2022-09-11 16:41:54,537] {taskinstance.py:1397} INFO - Executing <Task(PythonOperator): t3> on 2022-09-11 08:36:40.501171+00:00
[2022-09-11 16:41:54,539] {standard_task_runner.py:52} INFO - Started process 29571 to run task
[2022-09-11 16:41:54,544] {standard_task_runner.py:79} INFO - Running: ['airflow', 'tasks', 'run', 'example2', 't3', 'manual__2022-09-11T08:36:40.501171+00:00', '--job-id', '85', '--raw', '--subdir', 'DAGS_FOLDER/example2.py', '--cfg-path', '/var/folders/ll/lb_b4vvx7cgfp2wpfsv4w6zm0000gn/T/tmp8_opt8o5', '--error-file', '/var/folders/ll/lb_b4vvx7cgfp2wpfsv4w6zm0000gn/T/tmplxjquy6q']
[2022-09-11 16:41:54,545] {standard_task_runner.py:80} INFO - Job 85: Subtask t3
[2022-09-11 16:41:54,595] {task_command.py:371} INFO - Running <TaskInstance: example2.t3 manual__2022-09-11T08:36:40.501171+00:00 [running]> on host 1.0.0.0.0.0.0.0.0.0.0.0.0.0.0.0.0.0.0.0.0.0.0.0.0.0.0.0.0.0.0.0.ip6.arpa
[2022-09-11 16:41:54,655] {taskinstance.py:1591} INFO - Exporting the following env vars:
AIRFLOW_CTX_DAG_EMAIL=airflow@example.com
AIRFLOW_CTX_DAG_OWNER=airflow
AIRFLOW_CTX_DAG_ID=example2
AIRFLOW_CTX_TASK_ID=t3
AIRFLOW_CTX_EXECUTION_DATE=2022-09-11T08:36:40.501171+00:00
AIRFLOW_CTX_TRY_NUMBER=1
AIRFLOW_CTX_DAG_RUN_ID=manual__2022-09-11T08:36:40.501171+00:00
[2022-09-11 16:41:54,665] {base.py:68} INFO - Using connection ID 'mongo_default' for task execution.
[2022-09-11 16:41:54,678] {python.py:173} INFO - Done. Returned value was: done
[2022-09-11 16:41:54,695] {taskinstance.py:1420} INFO - Marking task as SUCCESS. dag_id=example2, task_id=t3, execution_date=20220911T083640, start_date=20220911T084154, end_date=20220911T084154
[2022-09-11 16:41:54,728] {local_task_job.py:156} INFO - Task exited with return code 0
[2022-09-11 16:41:54,753] {local_task_job.py:273} INFO - 0 downstream tasks scheduled from follow-on schedule check
