[2022-09-07 16:33:35,950] {taskinstance.py:1179} INFO - Dependencies all met for <TaskInstance: example1.t1 manual__2022-09-07T08:33:33.927011+00:00 [queued]>
[2022-09-07 16:33:35,956] {taskinstance.py:1179} INFO - Dependencies all met for <TaskInstance: example1.t1 manual__2022-09-07T08:33:33.927011+00:00 [queued]>
[2022-09-07 16:33:35,957] {taskinstance.py:1376} INFO - 
--------------------------------------------------------------------------------
[2022-09-07 16:33:35,957] {taskinstance.py:1377} INFO - Starting attempt 1 of 2
[2022-09-07 16:33:35,957] {taskinstance.py:1378} INFO - 
--------------------------------------------------------------------------------
[2022-09-07 16:33:35,969] {taskinstance.py:1397} INFO - Executing <Task(BashOperator): t1> on 2022-09-07 08:33:33.927011+00:00
[2022-09-07 16:33:35,971] {standard_task_runner.py:52} INFO - Started process 7976 to run task
[2022-09-07 16:33:35,976] {standard_task_runner.py:79} INFO - Running: ['airflow', 'tasks', 'run', 'example1', 't1', 'manual__2022-09-07T08:33:33.927011+00:00', '--job-id', '9', '--raw', '--subdir', 'DAGS_FOLDER/example1.py', '--cfg-path', '/var/folders/ll/lb_b4vvx7cgfp2wpfsv4w6zm0000gn/T/tmpcs4xvjcs', '--error-file', '/var/folders/ll/lb_b4vvx7cgfp2wpfsv4w6zm0000gn/T/tmp5ccm_k4o']
[2022-09-07 16:33:35,977] {standard_task_runner.py:80} INFO - Job 9: Subtask t1
[2022-09-07 16:33:36,029] {task_command.py:371} INFO - Running <TaskInstance: example1.t1 manual__2022-09-07T08:33:33.927011+00:00 [running]> on host 1.0.0.127.in-addr.arpa
[2022-09-07 16:33:36,132] {taskinstance.py:1591} INFO - Exporting the following env vars:
AIRFLOW_CTX_DAG_EMAIL=airflow@example.com
AIRFLOW_CTX_DAG_OWNER=airflow
AIRFLOW_CTX_DAG_ID=example1
AIRFLOW_CTX_TASK_ID=t1
AIRFLOW_CTX_EXECUTION_DATE=2022-09-07T08:33:33.927011+00:00
AIRFLOW_CTX_TRY_NUMBER=1
AIRFLOW_CTX_DAG_RUN_ID=manual__2022-09-07T08:33:33.927011+00:00
[2022-09-07 16:33:36,134] {subprocess.py:62} INFO - Tmp dir root location: 
 /var/folders/ll/lb_b4vvx7cgfp2wpfsv4w6zm0000gn/T
[2022-09-07 16:33:36,135] {subprocess.py:74} INFO - Running command: ['bash', '-c', 'python /Users/chunweichang/airflow/tasks/step1.py']
[2022-09-07 16:33:36,141] {subprocess.py:85} INFO - Output:
[2022-09-07 16:33:36,173] {subprocess.py:92} INFO - Hello Python, Step1
[2022-09-07 16:33:36,176] {subprocess.py:96} INFO - Command exited with return code 0
[2022-09-07 16:33:36,199] {taskinstance.py:1420} INFO - Marking task as SUCCESS. dag_id=example1, task_id=t1, execution_date=20220907T083333, start_date=20220907T083335, end_date=20220907T083336
[2022-09-07 16:33:36,244] {local_task_job.py:156} INFO - Task exited with return code 0
[2022-09-07 16:33:36,273] {local_task_job.py:273} INFO - 0 downstream tasks scheduled from follow-on schedule check
