[2022-09-12 12:16:38,924] {taskinstance.py:1179} INFO - Dependencies all met for <TaskInstance: example3.t1 manual__2022-09-12T04:15:20.960300+00:00 [queued]>
[2022-09-12 12:16:38,944] {taskinstance.py:1179} INFO - Dependencies all met for <TaskInstance: example3.t1 manual__2022-09-12T04:15:20.960300+00:00 [queued]>
[2022-09-12 12:16:38,944] {taskinstance.py:1376} INFO - 
--------------------------------------------------------------------------------
[2022-09-12 12:16:38,945] {taskinstance.py:1377} INFO - Starting attempt 1 of 2
[2022-09-12 12:16:38,945] {taskinstance.py:1378} INFO - 
--------------------------------------------------------------------------------
[2022-09-12 12:16:38,969] {taskinstance.py:1397} INFO - Executing <Task(PythonOperator): t1> on 2022-09-12 04:15:20.960300+00:00
[2022-09-12 12:16:38,972] {standard_task_runner.py:52} INFO - Started process 33074 to run task
[2022-09-12 12:16:38,980] {standard_task_runner.py:79} INFO - Running: ['airflow', 'tasks', 'run', 'example3', 't1', 'manual__2022-09-12T04:15:20.960300+00:00', '--job-id', '95', '--raw', '--subdir', 'DAGS_FOLDER/example3.py', '--cfg-path', '/var/folders/ll/lb_b4vvx7cgfp2wpfsv4w6zm0000gn/T/tmppry55nms', '--error-file', '/var/folders/ll/lb_b4vvx7cgfp2wpfsv4w6zm0000gn/T/tmp8tzv2iv_']
[2022-09-12 12:16:38,984] {standard_task_runner.py:80} INFO - Job 95: Subtask t1
[2022-09-12 12:16:39,048] {task_command.py:371} INFO - Running <TaskInstance: example3.t1 manual__2022-09-12T04:15:20.960300+00:00 [running]> on host 1.0.0.0.0.0.0.0.0.0.0.0.0.0.0.0.0.0.0.0.0.0.0.0.0.0.0.0.0.0.0.0.ip6.arpa
[2022-09-12 12:16:39,118] {taskinstance.py:1591} INFO - Exporting the following env vars:
AIRFLOW_CTX_DAG_EMAIL=airflow@example.com
AIRFLOW_CTX_DAG_OWNER=airflow
AIRFLOW_CTX_DAG_ID=example3
AIRFLOW_CTX_TASK_ID=t1
AIRFLOW_CTX_EXECUTION_DATE=2022-09-12T04:15:20.960300+00:00
AIRFLOW_CTX_TRY_NUMBER=1
AIRFLOW_CTX_DAG_RUN_ID=manual__2022-09-12T04:15:20.960300+00:00
[2022-09-12 12:16:39,126] {base.py:68} INFO - Using connection ID 'mongo_default' for task execution.
[2022-09-12 12:16:39,160] {python.py:173} INFO - Done. Returned value was: [{'_id': '62fb11a7ae0ecc8c1701f83d', 'name': 'Tom'}, {'_id': '62fb11a7ae0ecc8c1701f83e', 'name': 'Mark'}, {'_id': '62fb11a7ae0ecc8c1701f83f', 'name': 'Mary'}, {'_id': '62fb27c4ae0ecc8c1701f840', 'name': 'Tom'}, {'_id': '62fb27c4ae0ecc8c1701f841', 'name': 'Mark'}, {'_id': '62fb27c4ae0ecc8c1701f842', 'name': 'Mary'}]
[2022-09-12 12:16:39,183] {taskinstance.py:1420} INFO - Marking task as SUCCESS. dag_id=example3, task_id=t1, execution_date=20220912T041520, start_date=20220912T041638, end_date=20220912T041639
[2022-09-12 12:16:39,241] {local_task_job.py:156} INFO - Task exited with return code 0
[2022-09-12 12:16:39,283] {local_task_job.py:273} INFO - 1 downstream tasks scheduled from follow-on schedule check
