[2022-09-11 16:40:17,879] {taskinstance.py:1179} INFO - Dependencies all met for <TaskInstance: example2.t3 manual__2022-09-11T08:40:10.872838+00:00 [queued]>
[2022-09-11 16:40:17,889] {taskinstance.py:1179} INFO - Dependencies all met for <TaskInstance: example2.t3 manual__2022-09-11T08:40:10.872838+00:00 [queued]>
[2022-09-11 16:40:17,889] {taskinstance.py:1376} INFO - 
--------------------------------------------------------------------------------
[2022-09-11 16:40:17,889] {taskinstance.py:1377} INFO - Starting attempt 1 of 2
[2022-09-11 16:40:17,889] {taskinstance.py:1378} INFO - 
--------------------------------------------------------------------------------
[2022-09-11 16:40:17,901] {taskinstance.py:1397} INFO - Executing <Task(PythonOperator): t3> on 2022-09-11 08:40:10.872838+00:00
[2022-09-11 16:40:17,903] {standard_task_runner.py:52} INFO - Started process 29549 to run task
[2022-09-11 16:40:17,908] {standard_task_runner.py:79} INFO - Running: ['airflow', 'tasks', 'run', 'example2', 't3', 'manual__2022-09-11T08:40:10.872838+00:00', '--job-id', '82', '--raw', '--subdir', 'DAGS_FOLDER/example2.py', '--cfg-path', '/var/folders/ll/lb_b4vvx7cgfp2wpfsv4w6zm0000gn/T/tmp_szv43kl', '--error-file', '/var/folders/ll/lb_b4vvx7cgfp2wpfsv4w6zm0000gn/T/tmpidobarvn']
[2022-09-11 16:40:17,910] {standard_task_runner.py:80} INFO - Job 82: Subtask t3
[2022-09-11 16:40:17,961] {task_command.py:371} INFO - Running <TaskInstance: example2.t3 manual__2022-09-11T08:40:10.872838+00:00 [running]> on host 1.0.0.0.0.0.0.0.0.0.0.0.0.0.0.0.0.0.0.0.0.0.0.0.0.0.0.0.0.0.0.0.ip6.arpa
[2022-09-11 16:40:18,021] {taskinstance.py:1591} INFO - Exporting the following env vars:
AIRFLOW_CTX_DAG_EMAIL=airflow@example.com
AIRFLOW_CTX_DAG_OWNER=airflow
AIRFLOW_CTX_DAG_ID=example2
AIRFLOW_CTX_TASK_ID=t3
AIRFLOW_CTX_EXECUTION_DATE=2022-09-11T08:40:10.872838+00:00
AIRFLOW_CTX_TRY_NUMBER=1
AIRFLOW_CTX_DAG_RUN_ID=manual__2022-09-11T08:40:10.872838+00:00
[2022-09-11 16:40:18,032] {base.py:68} INFO - Using connection ID 'mongo_default' for task execution.
[2022-09-11 16:40:18,068] {python.py:173} INFO - Done. Returned value was: done
[2022-09-11 16:40:18,086] {taskinstance.py:1420} INFO - Marking task as SUCCESS. dag_id=example2, task_id=t3, execution_date=20220911T084010, start_date=20220911T084017, end_date=20220911T084018
[2022-09-11 16:40:18,132] {local_task_job.py:156} INFO - Task exited with return code 0
[2022-09-11 16:40:18,158] {local_task_job.py:273} INFO - 0 downstream tasks scheduled from follow-on schedule check
