[2022-09-12 12:24:07,761] {taskinstance.py:1179} INFO - Dependencies all met for <TaskInstance: example3.t2 manual__2022-09-12T04:22:31.262826+00:00 [queued]>
[2022-09-12 12:24:07,769] {taskinstance.py:1179} INFO - Dependencies all met for <TaskInstance: example3.t2 manual__2022-09-12T04:22:31.262826+00:00 [queued]>
[2022-09-12 12:24:07,769] {taskinstance.py:1376} INFO - 
--------------------------------------------------------------------------------
[2022-09-12 12:24:07,769] {taskinstance.py:1377} INFO - Starting attempt 1 of 2
[2022-09-12 12:24:07,769] {taskinstance.py:1378} INFO - 
--------------------------------------------------------------------------------
[2022-09-12 12:24:07,781] {taskinstance.py:1397} INFO - Executing <Task(PythonOperator): t2> on 2022-09-12 04:22:31.262826+00:00
[2022-09-12 12:24:07,783] {standard_task_runner.py:52} INFO - Started process 33552 to run task
[2022-09-12 12:24:07,788] {standard_task_runner.py:79} INFO - Running: ['airflow', 'tasks', 'run', 'example3', 't2', 'manual__2022-09-12T04:22:31.262826+00:00', '--job-id', '105', '--raw', '--subdir', 'DAGS_FOLDER/example3.py', '--cfg-path', '/var/folders/ll/lb_b4vvx7cgfp2wpfsv4w6zm0000gn/T/tmp0v2o282a', '--error-file', '/var/folders/ll/lb_b4vvx7cgfp2wpfsv4w6zm0000gn/T/tmps0b5j8xs']
[2022-09-12 12:24:07,791] {standard_task_runner.py:80} INFO - Job 105: Subtask t2
[2022-09-12 12:24:07,839] {task_command.py:371} INFO - Running <TaskInstance: example3.t2 manual__2022-09-12T04:22:31.262826+00:00 [running]> on host 1.0.0.0.0.0.0.0.0.0.0.0.0.0.0.0.0.0.0.0.0.0.0.0.0.0.0.0.0.0.0.0.ip6.arpa
[2022-09-12 12:24:07,899] {taskinstance.py:1591} INFO - Exporting the following env vars:
AIRFLOW_CTX_DAG_EMAIL=airflow@example.com
AIRFLOW_CTX_DAG_OWNER=airflow
AIRFLOW_CTX_DAG_ID=example3
AIRFLOW_CTX_TASK_ID=t2
AIRFLOW_CTX_EXECUTION_DATE=2022-09-12T04:22:31.262826+00:00
AIRFLOW_CTX_TRY_NUMBER=1
AIRFLOW_CTX_DAG_RUN_ID=manual__2022-09-12T04:22:31.262826+00:00
[2022-09-12 12:24:07,906] {python.py:173} INFO - Done. Returned value was: []
[2022-09-12 12:24:07,921] {taskinstance.py:1420} INFO - Marking task as SUCCESS. dag_id=example3, task_id=t2, execution_date=20220912T042231, start_date=20220912T042407, end_date=20220912T042407
[2022-09-12 12:24:07,969] {local_task_job.py:156} INFO - Task exited with return code 0
[2022-09-12 12:24:08,004] {local_task_job.py:273} INFO - 1 downstream tasks scheduled from follow-on schedule check
