[2022-09-12 12:42:12,477] {taskinstance.py:1179} INFO - Dependencies all met for <TaskInstance: example3.t3 manual__2022-09-12T04:35:06.181491+00:00 [queued]>
[2022-09-12 12:42:12,487] {taskinstance.py:1179} INFO - Dependencies all met for <TaskInstance: example3.t3 manual__2022-09-12T04:35:06.181491+00:00 [queued]>
[2022-09-12 12:42:12,487] {taskinstance.py:1376} INFO - 
--------------------------------------------------------------------------------
[2022-09-12 12:42:12,487] {taskinstance.py:1377} INFO - Starting attempt 1 of 2
[2022-09-12 12:42:12,487] {taskinstance.py:1378} INFO - 
--------------------------------------------------------------------------------
[2022-09-12 12:42:12,498] {taskinstance.py:1397} INFO - Executing <Task(PythonOperator): t3> on 2022-09-12 04:35:06.181491+00:00
[2022-09-12 12:42:12,500] {standard_task_runner.py:52} INFO - Started process 34730 to run task
[2022-09-12 12:42:12,505] {standard_task_runner.py:79} INFO - Running: ['airflow', 'tasks', 'run', 'example3', 't3', 'manual__2022-09-12T04:35:06.181491+00:00', '--job-id', '123', '--raw', '--subdir', 'DAGS_FOLDER/example3.py', '--cfg-path', '/var/folders/ll/lb_b4vvx7cgfp2wpfsv4w6zm0000gn/T/tmp3v8c_8cz', '--error-file', '/var/folders/ll/lb_b4vvx7cgfp2wpfsv4w6zm0000gn/T/tmp4bj57zwk']
[2022-09-12 12:42:12,507] {standard_task_runner.py:80} INFO - Job 123: Subtask t3
[2022-09-12 12:42:12,561] {task_command.py:371} INFO - Running <TaskInstance: example3.t3 manual__2022-09-12T04:35:06.181491+00:00 [running]> on host 1.0.0.0.0.0.0.0.0.0.0.0.0.0.0.0.0.0.0.0.0.0.0.0.0.0.0.0.0.0.0.0.ip6.arpa
[2022-09-12 12:42:12,622] {taskinstance.py:1591} INFO - Exporting the following env vars:
AIRFLOW_CTX_DAG_EMAIL=airflow@example.com
AIRFLOW_CTX_DAG_OWNER=airflow
AIRFLOW_CTX_DAG_ID=example3
AIRFLOW_CTX_TASK_ID=t3
AIRFLOW_CTX_EXECUTION_DATE=2022-09-12T04:35:06.181491+00:00
AIRFLOW_CTX_TRY_NUMBER=1
AIRFLOW_CTX_DAG_RUN_ID=manual__2022-09-12T04:35:06.181491+00:00
[2022-09-12 12:42:12,635] {base.py:68} INFO - Using connection ID 'mongo_default' for task execution.
[2022-09-12 12:42:12,656] {python.py:173} INFO - Done. Returned value was: done
[2022-09-12 12:42:12,672] {taskinstance.py:1420} INFO - Marking task as SUCCESS. dag_id=example3, task_id=t3, execution_date=20220912T043506, start_date=20220912T044212, end_date=20220912T044212
[2022-09-12 12:42:12,684] {local_task_job.py:156} INFO - Task exited with return code 0
[2022-09-12 12:42:12,707] {local_task_job.py:273} INFO - 0 downstream tasks scheduled from follow-on schedule check
