[2022-09-12 12:20:15,910] {taskinstance.py:1179} INFO - Dependencies all met for <TaskInstance: example3.t2 manual__2022-09-12T04:20:04.559623+00:00 [queued]>
[2022-09-12 12:20:15,917] {taskinstance.py:1179} INFO - Dependencies all met for <TaskInstance: example3.t2 manual__2022-09-12T04:20:04.559623+00:00 [queued]>
[2022-09-12 12:20:15,918] {taskinstance.py:1376} INFO - 
--------------------------------------------------------------------------------
[2022-09-12 12:20:15,918] {taskinstance.py:1377} INFO - Starting attempt 1 of 2
[2022-09-12 12:20:15,918] {taskinstance.py:1378} INFO - 
--------------------------------------------------------------------------------
[2022-09-12 12:20:15,930] {taskinstance.py:1397} INFO - Executing <Task(PythonOperator): t2> on 2022-09-12 04:20:04.559623+00:00
[2022-09-12 12:20:15,933] {standard_task_runner.py:52} INFO - Started process 33299 to run task
[2022-09-12 12:20:15,938] {standard_task_runner.py:79} INFO - Running: ['airflow', 'tasks', 'run', 'example3', 't2', 'manual__2022-09-12T04:20:04.559623+00:00', '--job-id', '98', '--raw', '--subdir', 'DAGS_FOLDER/example3.py', '--cfg-path', '/var/folders/ll/lb_b4vvx7cgfp2wpfsv4w6zm0000gn/T/tmpixoqosoe', '--error-file', '/var/folders/ll/lb_b4vvx7cgfp2wpfsv4w6zm0000gn/T/tmplimwtee2']
[2022-09-12 12:20:15,939] {standard_task_runner.py:80} INFO - Job 98: Subtask t2
[2022-09-12 12:20:15,995] {task_command.py:371} INFO - Running <TaskInstance: example3.t2 manual__2022-09-12T04:20:04.559623+00:00 [running]> on host 1.0.0.0.0.0.0.0.0.0.0.0.0.0.0.0.0.0.0.0.0.0.0.0.0.0.0.0.0.0.0.0.ip6.arpa
[2022-09-12 12:20:16,063] {taskinstance.py:1591} INFO - Exporting the following env vars:
AIRFLOW_CTX_DAG_EMAIL=airflow@example.com
AIRFLOW_CTX_DAG_OWNER=airflow
AIRFLOW_CTX_DAG_ID=example3
AIRFLOW_CTX_TASK_ID=t2
AIRFLOW_CTX_EXECUTION_DATE=2022-09-12T04:20:04.559623+00:00
AIRFLOW_CTX_TRY_NUMBER=1
AIRFLOW_CTX_DAG_RUN_ID=manual__2022-09-12T04:20:04.559623+00:00
[2022-09-12 12:20:16,075] {python.py:173} INFO - Done. Returned value was: []
[2022-09-12 12:20:16,099] {taskinstance.py:1420} INFO - Marking task as SUCCESS. dag_id=example3, task_id=t2, execution_date=20220912T042004, start_date=20220912T042015, end_date=20220912T042016
[2022-09-12 12:20:16,119] {local_task_job.py:156} INFO - Task exited with return code 0
[2022-09-12 12:20:16,160] {local_task_job.py:273} INFO - 1 downstream tasks scheduled from follow-on schedule check
