[2022-09-11 00:08:51,870] {taskinstance.py:1179} INFO - Dependencies all met for <TaskInstance: example3.t1 manual__2022-09-10T16:08:46.012610+00:00 [queued]>
[2022-09-11 00:08:51,880] {taskinstance.py:1179} INFO - Dependencies all met for <TaskInstance: example3.t1 manual__2022-09-10T16:08:46.012610+00:00 [queued]>
[2022-09-11 00:08:51,880] {taskinstance.py:1376} INFO - 
--------------------------------------------------------------------------------
[2022-09-11 00:08:51,880] {taskinstance.py:1377} INFO - Starting attempt 1 of 2
[2022-09-11 00:08:51,880] {taskinstance.py:1378} INFO - 
--------------------------------------------------------------------------------
[2022-09-11 00:08:51,893] {taskinstance.py:1397} INFO - Executing <Task(PythonOperator): t1> on 2022-09-10 16:08:46.012610+00:00
[2022-09-11 00:08:51,895] {standard_task_runner.py:52} INFO - Started process 28162 to run task
[2022-09-11 00:08:51,900] {standard_task_runner.py:79} INFO - Running: ['airflow', 'tasks', 'run', 'example3', 't1', 'manual__2022-09-10T16:08:46.012610+00:00', '--job-id', '61', '--raw', '--subdir', 'DAGS_FOLDER/example3.py', '--cfg-path', '/var/folders/ll/lb_b4vvx7cgfp2wpfsv4w6zm0000gn/T/tmpeqfldt3i', '--error-file', '/var/folders/ll/lb_b4vvx7cgfp2wpfsv4w6zm0000gn/T/tmp8j9f59fb']
[2022-09-11 00:08:51,902] {standard_task_runner.py:80} INFO - Job 61: Subtask t1
[2022-09-11 00:08:51,957] {task_command.py:371} INFO - Running <TaskInstance: example3.t1 manual__2022-09-10T16:08:46.012610+00:00 [running]> on host 1.0.0.0.0.0.0.0.0.0.0.0.0.0.0.0.0.0.0.0.0.0.0.0.0.0.0.0.0.0.0.0.ip6.arpa
[2022-09-11 00:08:52,016] {taskinstance.py:1591} INFO - Exporting the following env vars:
AIRFLOW_CTX_DAG_EMAIL=airflow@example.com
AIRFLOW_CTX_DAG_OWNER=airflow
AIRFLOW_CTX_DAG_ID=example3
AIRFLOW_CTX_TASK_ID=t1
AIRFLOW_CTX_EXECUTION_DATE=2022-09-10T16:08:46.012610+00:00
AIRFLOW_CTX_TRY_NUMBER=1
AIRFLOW_CTX_DAG_RUN_ID=manual__2022-09-10T16:08:46.012610+00:00
[2022-09-11 00:08:52,040] {local_task_job.py:156} INFO - Task exited with return code -11
[2022-09-11 00:08:52,061] {taskinstance.py:1420} INFO - Marking task as UP_FOR_RETRY. dag_id=example3, task_id=t1, execution_date=20220910T160846, start_date=20220910T160851, end_date=20220910T160852
[2022-09-11 00:08:52,086] {local_task_job.py:273} INFO - 0 downstream tasks scheduled from follow-on schedule check
