[2022-09-12 12:51:19,011] {taskinstance.py:1179} INFO - Dependencies all met for <TaskInstance: reservoir.t3 manual__2022-09-12T04:50:51.708098+00:00 [queued]>
[2022-09-12 12:51:19,018] {taskinstance.py:1179} INFO - Dependencies all met for <TaskInstance: reservoir.t3 manual__2022-09-12T04:50:51.708098+00:00 [queued]>
[2022-09-12 12:51:19,018] {taskinstance.py:1376} INFO - 
--------------------------------------------------------------------------------
[2022-09-12 12:51:19,018] {taskinstance.py:1377} INFO - Starting attempt 1 of 2
[2022-09-12 12:51:19,018] {taskinstance.py:1378} INFO - 
--------------------------------------------------------------------------------
[2022-09-12 12:51:19,030] {taskinstance.py:1397} INFO - Executing <Task(PythonOperator): t3> on 2022-09-12 04:50:51.708098+00:00
[2022-09-12 12:51:19,032] {standard_task_runner.py:52} INFO - Started process 35339 to run task
[2022-09-12 12:51:19,036] {standard_task_runner.py:79} INFO - Running: ['airflow', 'tasks', 'run', 'reservoir', 't3', 'manual__2022-09-12T04:50:51.708098+00:00', '--job-id', '134', '--raw', '--subdir', 'DAGS_FOLDER/reservoir.py', '--cfg-path', '/var/folders/ll/lb_b4vvx7cgfp2wpfsv4w6zm0000gn/T/tmpwzjwk5db', '--error-file', '/var/folders/ll/lb_b4vvx7cgfp2wpfsv4w6zm0000gn/T/tmpgu8m8e9k']
[2022-09-12 12:51:19,038] {standard_task_runner.py:80} INFO - Job 134: Subtask t3
[2022-09-12 12:51:19,090] {task_command.py:371} INFO - Running <TaskInstance: reservoir.t3 manual__2022-09-12T04:50:51.708098+00:00 [running]> on host 1.0.0.0.0.0.0.0.0.0.0.0.0.0.0.0.0.0.0.0.0.0.0.0.0.0.0.0.0.0.0.0.ip6.arpa
[2022-09-12 12:51:19,149] {taskinstance.py:1591} INFO - Exporting the following env vars:
AIRFLOW_CTX_DAG_EMAIL=airflow@example.com
AIRFLOW_CTX_DAG_OWNER=airflow
AIRFLOW_CTX_DAG_ID=reservoir
AIRFLOW_CTX_TASK_ID=t3
AIRFLOW_CTX_EXECUTION_DATE=2022-09-12T04:50:51.708098+00:00
AIRFLOW_CTX_TRY_NUMBER=1
AIRFLOW_CTX_DAG_RUN_ID=manual__2022-09-12T04:50:51.708098+00:00
[2022-09-12 12:51:19,161] {base.py:68} INFO - Using connection ID 'mongo_default' for task execution.
[2022-09-12 12:51:19,178] {python.py:173} INFO - Done. Returned value was: done
[2022-09-12 12:51:19,193] {taskinstance.py:1420} INFO - Marking task as SUCCESS. dag_id=reservoir, task_id=t3, execution_date=20220912T045051, start_date=20220912T045119, end_date=20220912T045119
[2022-09-12 12:51:19,225] {local_task_job.py:156} INFO - Task exited with return code 0
[2022-09-12 12:51:19,250] {local_task_job.py:273} INFO - 0 downstream tasks scheduled from follow-on schedule check
