[2022-09-09 00:59:49,653] {taskinstance.py:1179} INFO - Dependencies all met for <TaskInstance: example1.t1 scheduled__2022-09-08T16:54:00+00:00 [queued]>
[2022-09-09 00:59:49,659] {taskinstance.py:1179} INFO - Dependencies all met for <TaskInstance: example1.t1 scheduled__2022-09-08T16:54:00+00:00 [queued]>
[2022-09-09 00:59:49,659] {taskinstance.py:1376} INFO - 
--------------------------------------------------------------------------------
[2022-09-09 00:59:49,659] {taskinstance.py:1377} INFO - Starting attempt 1 of 2
[2022-09-09 00:59:49,659] {taskinstance.py:1378} INFO - 
--------------------------------------------------------------------------------
[2022-09-09 00:59:49,672] {taskinstance.py:1397} INFO - Executing <Task(BashOperator): t1> on 2022-09-08 16:54:00+00:00
[2022-09-09 00:59:49,674] {standard_task_runner.py:52} INFO - Started process 17811 to run task
[2022-09-09 00:59:49,681] {standard_task_runner.py:79} INFO - Running: ['airflow', 'tasks', 'run', 'example1', 't1', 'scheduled__2022-09-08T16:54:00+00:00', '--job-id', '40', '--raw', '--subdir', 'DAGS_FOLDER/example1.py', '--cfg-path', '/var/folders/ll/lb_b4vvx7cgfp2wpfsv4w6zm0000gn/T/tmpp7ypzydq', '--error-file', '/var/folders/ll/lb_b4vvx7cgfp2wpfsv4w6zm0000gn/T/tmpnwzpt1nw']
[2022-09-09 00:59:49,683] {standard_task_runner.py:80} INFO - Job 40: Subtask t1
[2022-09-09 00:59:49,741] {task_command.py:371} INFO - Running <TaskInstance: example1.t1 scheduled__2022-09-08T16:54:00+00:00 [running]> on host 1.0.0.0.0.0.0.0.0.0.0.0.0.0.0.0.0.0.0.0.0.0.0.0.0.0.0.0.0.0.0.0.ip6.arpa
[2022-09-09 00:59:49,802] {taskinstance.py:1591} INFO - Exporting the following env vars:
AIRFLOW_CTX_DAG_EMAIL=airflow@example.com
AIRFLOW_CTX_DAG_OWNER=airflow
AIRFLOW_CTX_DAG_ID=example1
AIRFLOW_CTX_TASK_ID=t1
AIRFLOW_CTX_EXECUTION_DATE=2022-09-08T16:54:00+00:00
AIRFLOW_CTX_TRY_NUMBER=1
AIRFLOW_CTX_DAG_RUN_ID=scheduled__2022-09-08T16:54:00+00:00
[2022-09-09 00:59:49,803] {subprocess.py:62} INFO - Tmp dir root location: 
 /var/folders/ll/lb_b4vvx7cgfp2wpfsv4w6zm0000gn/T
[2022-09-09 00:59:49,804] {subprocess.py:74} INFO - Running command: ['bash', '-c', 'python /Users/chunweichang/airflow/tasks/step1.py']
[2022-09-09 00:59:49,810] {subprocess.py:85} INFO - Output:
[2022-09-09 00:59:49,846] {subprocess.py:92} INFO - Hello Python, Step1
[2022-09-09 00:59:49,850] {subprocess.py:96} INFO - Command exited with return code 0
[2022-09-09 00:59:49,873] {taskinstance.py:1420} INFO - Marking task as SUCCESS. dag_id=example1, task_id=t1, execution_date=20220908T165400, start_date=20220908T165949, end_date=20220908T165949
[2022-09-09 00:59:49,901] {local_task_job.py:156} INFO - Task exited with return code 0
[2022-09-09 00:59:49,932] {local_task_job.py:273} INFO - 0 downstream tasks scheduled from follow-on schedule check
