[2022-09-10 21:49:35,141] {taskinstance.py:1179} INFO - Dependencies all met for <TaskInstance: example3.t1 manual__2022-09-09T07:32:07.876325+00:00 [queued]>
[2022-09-10 21:49:35,151] {taskinstance.py:1179} INFO - Dependencies all met for <TaskInstance: example3.t1 manual__2022-09-09T07:32:07.876325+00:00 [queued]>
[2022-09-10 21:49:35,151] {taskinstance.py:1376} INFO - 
--------------------------------------------------------------------------------
[2022-09-10 21:49:35,151] {taskinstance.py:1377} INFO - Starting attempt 2 of 2
[2022-09-10 21:49:35,151] {taskinstance.py:1378} INFO - 
--------------------------------------------------------------------------------
[2022-09-10 21:49:35,163] {taskinstance.py:1397} INFO - Executing <Task(PythonOperator): t1> on 2022-09-09 07:32:07.876325+00:00
[2022-09-10 21:49:35,166] {standard_task_runner.py:52} INFO - Started process 26551 to run task
[2022-09-10 21:49:35,171] {standard_task_runner.py:79} INFO - Running: ['airflow', 'tasks', 'run', 'example3', 't1', 'manual__2022-09-09T07:32:07.876325+00:00', '--job-id', '57', '--raw', '--subdir', 'DAGS_FOLDER/example3.py', '--cfg-path', '/var/folders/ll/lb_b4vvx7cgfp2wpfsv4w6zm0000gn/T/tmp2cmoymwq', '--error-file', '/var/folders/ll/lb_b4vvx7cgfp2wpfsv4w6zm0000gn/T/tmp3cyljpka']
[2022-09-10 21:49:35,173] {standard_task_runner.py:80} INFO - Job 57: Subtask t1
[2022-09-10 21:49:35,231] {task_command.py:371} INFO - Running <TaskInstance: example3.t1 manual__2022-09-09T07:32:07.876325+00:00 [running]> on host 1.0.0.0.0.0.0.0.0.0.0.0.0.0.0.0.0.0.0.0.0.0.0.0.0.0.0.0.0.0.0.0.ip6.arpa
[2022-09-10 21:49:35,291] {taskinstance.py:1591} INFO - Exporting the following env vars:
AIRFLOW_CTX_DAG_EMAIL=airflow@example.com
AIRFLOW_CTX_DAG_OWNER=airflow
AIRFLOW_CTX_DAG_ID=example3
AIRFLOW_CTX_TASK_ID=t1
AIRFLOW_CTX_EXECUTION_DATE=2022-09-09T07:32:07.876325+00:00
AIRFLOW_CTX_TRY_NUMBER=2
AIRFLOW_CTX_DAG_RUN_ID=manual__2022-09-09T07:32:07.876325+00:00
[2022-09-10 21:49:35,292] {logging_mixin.py:115} INFO - Hello Python
[2022-09-10 21:49:35,292] {python.py:173} INFO - Done. Returned value was: done
[2022-09-10 21:49:35,312] {taskinstance.py:1420} INFO - Marking task as SUCCESS. dag_id=example3, task_id=t1, execution_date=20220909T073207, start_date=20220910T134935, end_date=20220910T134935
[2022-09-10 21:49:35,350] {local_task_job.py:156} INFO - Task exited with return code 0
[2022-09-10 21:49:35,378] {local_task_job.py:273} INFO - 0 downstream tasks scheduled from follow-on schedule check
