[2022-09-12 12:22:30,186] {taskinstance.py:1179} INFO - Dependencies all met for <TaskInstance: example3.t1 manual__2022-09-12T04:17:19.875846+00:00 [queued]>
[2022-09-12 12:22:30,195] {taskinstance.py:1179} INFO - Dependencies all met for <TaskInstance: example3.t1 manual__2022-09-12T04:17:19.875846+00:00 [queued]>
[2022-09-12 12:22:30,195] {taskinstance.py:1376} INFO - 
--------------------------------------------------------------------------------
[2022-09-12 12:22:30,195] {taskinstance.py:1377} INFO - Starting attempt 2 of 2
[2022-09-12 12:22:30,195] {taskinstance.py:1378} INFO - 
--------------------------------------------------------------------------------
[2022-09-12 12:22:30,208] {taskinstance.py:1397} INFO - Executing <Task(PythonOperator): t1> on 2022-09-12 04:17:19.875846+00:00
[2022-09-12 12:22:30,210] {standard_task_runner.py:52} INFO - Started process 33442 to run task
[2022-09-12 12:22:30,215] {standard_task_runner.py:79} INFO - Running: ['airflow', 'tasks', 'run', 'example3', 't1', 'manual__2022-09-12T04:17:19.875846+00:00', '--job-id', '101', '--raw', '--subdir', 'DAGS_FOLDER/example3.py', '--cfg-path', '/var/folders/ll/lb_b4vvx7cgfp2wpfsv4w6zm0000gn/T/tmp4a1k9_12', '--error-file', '/var/folders/ll/lb_b4vvx7cgfp2wpfsv4w6zm0000gn/T/tmp4l1aod9u']
[2022-09-12 12:22:30,216] {standard_task_runner.py:80} INFO - Job 101: Subtask t1
[2022-09-12 12:22:30,277] {task_command.py:371} INFO - Running <TaskInstance: example3.t1 manual__2022-09-12T04:17:19.875846+00:00 [running]> on host 1.0.0.0.0.0.0.0.0.0.0.0.0.0.0.0.0.0.0.0.0.0.0.0.0.0.0.0.0.0.0.0.ip6.arpa
[2022-09-12 12:22:30,340] {taskinstance.py:1591} INFO - Exporting the following env vars:
AIRFLOW_CTX_DAG_EMAIL=airflow@example.com
AIRFLOW_CTX_DAG_OWNER=airflow
AIRFLOW_CTX_DAG_ID=example3
AIRFLOW_CTX_TASK_ID=t1
AIRFLOW_CTX_EXECUTION_DATE=2022-09-12T04:17:19.875846+00:00
AIRFLOW_CTX_TRY_NUMBER=2
AIRFLOW_CTX_DAG_RUN_ID=manual__2022-09-12T04:17:19.875846+00:00
[2022-09-12 12:22:30,349] {base.py:68} INFO - Using connection ID 'mongo_default' for task execution.
[2022-09-12 12:22:30,370] {python.py:173} INFO - Done. Returned value was: []
[2022-09-12 12:22:30,386] {taskinstance.py:1420} INFO - Marking task as SUCCESS. dag_id=example3, task_id=t1, execution_date=20220912T041719, start_date=20220912T042230, end_date=20220912T042230
[2022-09-12 12:22:30,399] {local_task_job.py:156} INFO - Task exited with return code 0
[2022-09-12 12:22:30,433] {local_task_job.py:273} INFO - 1 downstream tasks scheduled from follow-on schedule check
