[2022-09-09 00:59:51,486] {taskinstance.py:1179} INFO - Dependencies all met for <TaskInstance: example1.t2 scheduled__2022-09-08T16:54:00+00:00 [queued]>
[2022-09-09 00:59:51,502] {taskinstance.py:1179} INFO - Dependencies all met for <TaskInstance: example1.t2 scheduled__2022-09-08T16:54:00+00:00 [queued]>
[2022-09-09 00:59:51,502] {taskinstance.py:1376} INFO - 
--------------------------------------------------------------------------------
[2022-09-09 00:59:51,502] {taskinstance.py:1377} INFO - Starting attempt 1 of 2
[2022-09-09 00:59:51,502] {taskinstance.py:1378} INFO - 
--------------------------------------------------------------------------------
[2022-09-09 00:59:51,532] {taskinstance.py:1397} INFO - Executing <Task(PythonOperator): t2> on 2022-09-08 16:54:00+00:00
[2022-09-09 00:59:51,535] {standard_task_runner.py:52} INFO - Started process 17818 to run task
[2022-09-09 00:59:51,540] {standard_task_runner.py:79} INFO - Running: ['airflow', 'tasks', 'run', 'example1', 't2', 'scheduled__2022-09-08T16:54:00+00:00', '--job-id', '41', '--raw', '--subdir', 'DAGS_FOLDER/example1.py', '--cfg-path', '/var/folders/ll/lb_b4vvx7cgfp2wpfsv4w6zm0000gn/T/tmpiif3uvqw', '--error-file', '/var/folders/ll/lb_b4vvx7cgfp2wpfsv4w6zm0000gn/T/tmpde97augd']
[2022-09-09 00:59:51,541] {standard_task_runner.py:80} INFO - Job 41: Subtask t2
[2022-09-09 00:59:51,622] {task_command.py:371} INFO - Running <TaskInstance: example1.t2 scheduled__2022-09-08T16:54:00+00:00 [running]> on host 1.0.0.0.0.0.0.0.0.0.0.0.0.0.0.0.0.0.0.0.0.0.0.0.0.0.0.0.0.0.0.0.ip6.arpa
[2022-09-09 00:59:51,718] {taskinstance.py:1591} INFO - Exporting the following env vars:
AIRFLOW_CTX_DAG_EMAIL=airflow@example.com
AIRFLOW_CTX_DAG_OWNER=airflow
AIRFLOW_CTX_DAG_ID=example1
AIRFLOW_CTX_TASK_ID=t2
AIRFLOW_CTX_EXECUTION_DATE=2022-09-08T16:54:00+00:00
AIRFLOW_CTX_TRY_NUMBER=1
AIRFLOW_CTX_DAG_RUN_ID=scheduled__2022-09-08T16:54:00+00:00
[2022-09-09 00:59:51,719] {logging_mixin.py:115} INFO - Hello Python, Step2
[2022-09-09 00:59:51,719] {python.py:173} INFO - Done. Returned value was: done
[2022-09-09 00:59:51,744] {taskinstance.py:1420} INFO - Marking task as SUCCESS. dag_id=example1, task_id=t2, execution_date=20220908T165400, start_date=20220908T165951, end_date=20220908T165951
[2022-09-09 00:59:51,767] {local_task_job.py:156} INFO - Task exited with return code 0
[2022-09-09 00:59:51,801] {local_task_job.py:273} INFO - 0 downstream tasks scheduled from follow-on schedule check
